Rendering to 1150x1150 image
Loaded scene with 3 circles
Loaded scene with 3 circles
---------------------------------------------------------
Initializing CUDA for CudaRenderer
Found 1 CUDA devices
Device 0: GeForce RTX 2080 Ti
   SMs:        68
   Global mem: 11019 MB
   CUDA Cap:   7.5
---------------------------------------------------------
WARNING: You're not running on a fast GPU, please consider using NVIDIA RTX 2080.
---------------------------------------------------------

Running benchmark, 1 frames, beginning at frame 0 ...
Copying image data from device
***************** Correctness check passed **************************
Clear:    0.0757 ms
Advance:  0.0012 ms
Render:   247.2986 ms
Total:    247.3755 ms

Overall:  0.2929 sec (note units are seconds)
