Rendering to 1150x1150 image
Loaded scene with 315 circles
Loaded scene with 315 circles
---------------------------------------------------------
Initializing CUDA for CudaRenderer
Found 1 CUDA devices
Device 0: GeForce RTX 2080 Ti
   SMs:        68
   Global mem: 11019 MB
   CUDA Cap:   7.5
---------------------------------------------------------
WARNING: You're not running on a fast GPU, please consider using NVIDIA RTX 2080.
---------------------------------------------------------

Running benchmark, 1 frames, beginning at frame 0 ...
Copying image data from device
Mismatch detected at pixel [1058][1097], value = 0.125488, expected 0.000977 for color Red
Mismatch detected at pixel [1058][1097], value = 0.125488, expected 0.000977 for color Blue
***************** Correctness check passed **************************
Clear:    0.0613 ms
Advance:  0.0081 ms
Render:   0.2508 ms
Total:    0.3203 ms

Overall:  0.0338 sec (note units are seconds)
