Rendering to 1150x1150 image
Loaded data for 100000 circles from snow.par
Loaded scene with 100000 circles
Loaded data for 100000 circles from snow.par
Loaded scene with 100000 circles
---------------------------------------------------------
Initializing CUDA for CudaRenderer
Found 1 CUDA devices
Device 0: GeForce RTX 2080 Ti
   SMs:        68
   Global mem: 11019 MB
   CUDA Cap:   7.5
---------------------------------------------------------
WARNING: You're not running on a fast GPU, please consider using NVIDIA RTX 2080.
---------------------------------------------------------

Running benchmark, 1 frames, beginning at frame 0 ...
Copying image data from device
Mismatch detected at pixel [23][100], value = 0.840988, expected 0.942917 for color Blue
Mismatch detected at pixel [39][20], value = 0.834739, expected 0.935972 for color Blue
Mismatch detected at pixel [39][21], value = 0.834739, expected 0.938626 for color Blue
Mismatch detected at pixel [40][21], value = 0.834348, expected 0.935444 for color Blue
Mismatch detected at pixel [40][733], value = 0.835646, expected 0.941813 for color Blue
Mismatch detected at pixel [40][734], value = 0.835506, expected 0.942869 for color Blue
ERROR : Mismatch detected between reference and actual
