Rendering to 1150x1150 image
Loaded scene with 100000 circles
Loaded scene with 100000 circles
---------------------------------------------------------
Initializing CUDA for CudaRenderer
Found 1 CUDA devices
Device 0: GeForce RTX 2080 Ti
   SMs:        68
   Global mem: 11019 MB
   CUDA Cap:   7.5
---------------------------------------------------------
WARNING: You're not running on a fast GPU, please consider using NVIDIA RTX 2080.
---------------------------------------------------------

Running benchmark, 1 frames, beginning at frame 0 ...
Copying image data from device
***************** Correctness check passed **************************
Clear:    0.0626 ms
Advance:  0.0413 ms
Render:   346.4006 ms
Total:    346.5045 ms

Overall:  0.3821 sec (note units are seconds)
